<?xml version="1.0" encoding="UTF-8"?>
<!-- Generated by org.testng.reporters.JUnitReportReporter -->
<testsuite skipped="0" hostname="Manish-PC" name="org.grouping.GroupingTest" tests="5" failures="0" timestamp="13 Oct 2018 21:32:42 GMT" time="0.223" errors="0">
  <testcase name="f1" time="0.002" classname="org.grouping.GroupingTest"/>
  <testcase name="googletitleTest" time="0.032" classname="org.grouping.GroupingTest"/>
  <testcase name="f2" time="0.006" classname="org.grouping.GroupingTest"/>
  <testcase name="EnterText" time="0.180" classname="org.grouping.GroupingTest"/>
  <testcase name="f3" time="0.003" classname="org.grouping.GroupingTest"/>
</testsuite> <!-- org.grouping.GroupingTest -->
