<?xml version="1.0" encoding="UTF-8"?>
<!-- Generated by org.testng.reporters.JUnitReportReporter -->
<testsuite skipped="0" hostname="Manish-PC" name="org.testng.GroupingTest" tests="5" failures="0" timestamp="13 Oct 2018 22:12:54 GMT" time="0.373" errors="0">
  <testcase name="googletitleTest" time="0.077" classname="org.testng.GroupingTest"/>
  <testcase name="f2" time="0.002" classname="org.testng.GroupingTest"/>
  <testcase name="f1" time="0.049" classname="org.testng.GroupingTest"/>
  <testcase name="f3" time="0.002" classname="org.testng.GroupingTest"/>
  <testcase name="EnterText" time="0.243" classname="org.testng.GroupingTest"/>
</testsuite> <!-- org.testng.GroupingTest -->
