<?xml version="1.0" encoding="UTF-8"?>
<!-- Generated by org.testng.reporters.JUnitReportReporter -->
<testsuite skipped="0" hostname="Manish-PC" name="org.testng.TestngSequnce" tests="1" failures="0" timestamp="13 Oct 2018 22:12:54 GMT" time="0.086" errors="0">
  <testcase name="f1" time="0.086" classname="org.testng.TestngSequnce"/>
</testsuite> <!-- org.testng.TestngSequnce -->
