<?xml version="1.0" encoding="UTF-8"?>
<!-- Generated by org.testng.reporters.JUnitReportReporter -->
<testsuite skipped="0" hostname="Manish-PC" name="com.parameter.ParameterTest" tests="1" failures="0" timestamp="13 Oct 2018 22:33:26 GMT" time="19.034" errors="0">
  <testcase name="yahooLoginTest" time="19.034" classname="com.parameter.ParameterTest"/>
</testsuite> <!-- com.parameter.ParameterTest -->
