<?xml version="1.0" encoding="UTF-8"?>
<!-- Generated by org.testng.reporters.JUnitReportReporter -->
<testsuite skipped="0" hostname="Manish-PC" name="org.testng.InvocationCount" tests="10" failures="0" timestamp="13 Oct 2018 22:12:54 GMT" time="0.538" errors="0">
  <testcase name="Invocationcountmethod" time="0.313" classname="org.testng.InvocationCount"/>
  <testcase name="Invocationcountmethod" time="0.009" classname="org.testng.InvocationCount"/>
  <testcase name="Invocationcountmethod" time="0.006" classname="org.testng.InvocationCount"/>
  <testcase name="Invocationcountmethod" time="0.015" classname="org.testng.InvocationCount"/>
  <testcase name="Invocationcountmethod" time="0.005" classname="org.testng.InvocationCount"/>
  <testcase name="Invocationcountmethod" time="0.062" classname="org.testng.InvocationCount"/>
  <testcase name="Invocationcountmethod" time="0.057" classname="org.testng.InvocationCount"/>
  <testcase name="Invocationcountmethod" time="0.020" classname="org.testng.InvocationCount"/>
  <testcase name="Invocationcountmethod" time="0.027" classname="org.testng.InvocationCount"/>
  <testcase name="Invocationcountmethod" time="0.024" classname="org.testng.InvocationCount"/>
</testsuite> <!-- org.testng.InvocationCount -->
