<?xml version="1.0" encoding="UTF-8"?>
<!-- Generated by org.testng.reporters.JUnitReportReporter -->
<testsuite skipped="0" hostname="Manish-PC" name="com.headless.browser.HeadLess" tests="1" failures="0" timestamp="14 Oct 2018 08:39:51 GMT" time="7.957" errors="0">
  <testcase name="setup" time="7.957" classname="com.headless.browser.HeadLess"/>
</testsuite> <!-- com.headless.browser.HeadLess -->
